info it worked if it ends with ok
verbose cli [ 'node', '/usr/local/bin/npm', 'install' ]
info using npm@1.1.0-3
info using node@v0.6.10
verbose config file /Users/michelleboisson/.npmrc
verbose config file /usr/local/etc/npmrc
verbose config file /usr/local/lib/node_modules/npm/npmrc
verbose caching /Users/michelleboisson/Sites/betherenyc/package.json
verbose loadDefaults BeThereNYC@0.0.1
verbose where, deps [ '/Users/michelleboisson/Sites/betherenyc',
verbose where, deps   [ 'express', 'ejs', 'mongoose', 'request', 'xml2js', 'js' ] ]
verbose from cache /Users/michelleboisson/Sites/betherenyc/package.json
info preinstall BeThereNYC@0.0.1
verbose caching /Users/michelleboisson/Sites/betherenyc/node_modules/ejs/package.json
verbose loadDefaults ejs@0.7.0
verbose caching /Users/michelleboisson/Sites/betherenyc/node_modules/express/package.json
verbose loadDefaults express@2.5.6
verbose caching /Users/michelleboisson/Sites/betherenyc/node_modules/mongoose/package.json
verbose loadDefaults mongoose@2.5.6
verbose caching /Users/michelleboisson/Sites/betherenyc/node_modules/request/package.json
verbose loadDefaults request@2.9.153
verbose caching /Users/michelleboisson/Sites/betherenyc/node_modules/xml2js/package.json
verbose loadDefaults xml2js@0.1.13
verbose from cache /Users/michelleboisson/Sites/betherenyc/package.json
verbose from cache /Users/michelleboisson/Sites/betherenyc/node_modules/ejs/package.json
verbose from cache /Users/michelleboisson/Sites/betherenyc/node_modules/express/package.json
verbose from cache /Users/michelleboisson/Sites/betherenyc/node_modules/mongoose/package.json
verbose from cache /Users/michelleboisson/Sites/betherenyc/node_modules/request/package.json
verbose from cache /Users/michelleboisson/Sites/betherenyc/node_modules/xml2js/package.json
verbose already installed in /Users/michelleboisson/Sites/betherenyc skipping express@2.5.6
verbose cache add [ 'ejs@latest', null ]
silly cache add: name, spec, args [ undefined, 'ejs@latest', [ 'ejs@latest', null ] ]
verbose parsed url { pathname: 'ejs@latest',
verbose parsed url   path: 'ejs@latest',
verbose parsed url   href: 'ejs@latest' }
silly cache add: name, spec, args [ 'ejs', 'latest', [ 'ejs', 'latest' ] ]
verbose parsed url { pathname: 'latest', path: 'latest', href: 'latest' }
verbose addNamed [ 'ejs', 'latest' ]
verbose addNamed [ null, null ]
info addNameTag [ 'ejs', 'latest' ]
verbose already installed in /Users/michelleboisson/Sites/betherenyc skipping mongoose@2.5.6
verbose already installed in /Users/michelleboisson/Sites/betherenyc skipping request@2.9.153
verbose cache add [ 'xml2js@latest', null ]
silly cache add: name, spec, args [ undefined, 'xml2js@latest', [ 'xml2js@latest', null ] ]
verbose parsed url { pathname: 'xml2js@latest',
verbose parsed url   path: 'xml2js@latest',
verbose parsed url   href: 'xml2js@latest' }
silly cache add: name, spec, args [ 'xml2js', 'latest', [ 'xml2js', 'latest' ] ]
verbose parsed url { pathname: 'latest', path: 'latest', href: 'latest' }
verbose addNamed [ 'xml2js', 'latest' ]
verbose addNamed [ null, null ]
info addNameTag [ 'xml2js', 'latest' ]
verbose cache add [ 'js@latest', null ]
silly cache add: name, spec, args [ undefined, 'js@latest', [ 'js@latest', null ] ]
verbose parsed url { pathname: 'js@latest', path: 'js@latest', href: 'js@latest' }
silly cache add: name, spec, args [ 'js', 'latest', [ 'js', 'latest' ] ]
verbose parsed url { pathname: 'latest', path: 'latest', href: 'latest' }
verbose addNamed [ 'js', 'latest' ]
verbose addNamed [ null, null ]
info addNameTag [ 'js', 'latest' ]
verbose raw, before any munging js
verbose url resolving [ 'https://registry.npmjs.org/', './js' ]
verbose url resolved https://registry.npmjs.org/js
http GET https://registry.npmjs.org/js
verbose raw, before any munging ejs
verbose url resolving [ 'https://registry.npmjs.org/', './ejs' ]
verbose url resolved https://registry.npmjs.org/ejs
verbose etag "2WIQJ098GWG1JJD3NXBNZH8LD"
http GET https://registry.npmjs.org/ejs
verbose raw, before any munging xml2js
verbose url resolving [ 'https://registry.npmjs.org/', './xml2js' ]
verbose url resolved https://registry.npmjs.org/xml2js
verbose etag "2FKYG39FHNJ8WD36POBXKR5DF"
http GET https://registry.npmjs.org/xml2js
http 304 https://registry.npmjs.org/ejs
silly get cb [ 304,
silly get cb   { server: 'CouchDB/1.2.0 (Erlang OTP/R15B)',
silly get cb     etag: '"2WIQJ098GWG1JJD3NXBNZH8LD"',
silly get cb     date: 'Mon, 26 Mar 2012 01:47:08 GMT',
silly get cb     'content-length': '0' } ]
verbose etag ejs from cache
verbose bin dist [ '0.6-ares1.7.5-DEV-evundefined-openssl0.9.8r-v83.6.6.20-darwin-x64-10.8.0',
verbose bin dist   { shasum: 'b91f5671666c4a3746db895855cdd01b5fea7897',
verbose bin dist     tarball: 'http://registry.npmjs.org/ejs/-/ejs-0.7.0.tgz' } ]
http 304 https://registry.npmjs.org/xml2js
silly get cb [ 304,
silly get cb   { server: 'CouchDB/1.2.0 (Erlang OTP/R15B)',
silly get cb     etag: '"2FKYG39FHNJ8WD36POBXKR5DF"',
silly get cb     date: 'Mon, 26 Mar 2012 01:47:08 GMT',
silly get cb     'content-length': '0' } ]
verbose etag xml2js from cache
verbose caching /Users/michelleboisson/.npm/ejs/0.7.0/package/package.json
verbose loadDefaults ejs@0.7.0
verbose bin dist [ '0.6-ares1.7.5-DEV-evundefined-openssl0.9.8r-v83.6.6.20-darwin-x64-10.8.0',
verbose bin dist   { shasum: '438ff3b1d85a51ad659ffc2ebe83403e10c98722',
verbose bin dist     tarball: 'http://registry.npmjs.org/xml2js/-/xml2js-0.1.13.tgz' } ]
verbose caching /Users/michelleboisson/.npm/xml2js/0.1.13/package/package.json
verbose loadDefaults xml2js@0.1.13
http 404 https://registry.npmjs.org/js
silly get cb [ 404,
silly get cb   { server: 'CouchDB/1.2.0 (Erlang OTP/R15B)',
silly get cb     date: 'Mon, 26 Mar 2012 01:47:08 GMT',
silly get cb     'content-type': 'application/json',
silly get cb     'content-length': '52',
silly get cb     'cache-control': 'must-revalidate' } ]
ERR! 404 'js' is not in the npm registry.
ERR! 404 You should bug the author to publish it
ERR! 404 Note that you can also install from a
ERR! 404 tarball, folder, or http url, or git url.
ERR! 
ERR! System Darwin 10.8.0
ERR! command "node" "/usr/local/bin/npm" "install"
ERR! cwd /Users/michelleboisson/Sites/betherenyc
ERR! node -v v0.6.10
ERR! npm -v 1.1.0-3
ERR! code E404
ERR! message 404 Not Found: js
ERR! errno {}
verbose exit [ 1, true ]
